app/build/outputs/logs/manifest-merger-debug-report.txt
-- Merging decision tree log ---
manifest
ADDED from src\main\AndroidManifest.xml:2:1-102:12
	package
		ADDED from src\main\AndroidManifest.xml:3:11-37
		INJECTED from src\main\AndroidManifest.xml
		INJECTED from src\main\AndroidManifest.xml
	android:versionName
		INJECTED from src\main\AndroidManifest.xml
		INJECTED from src\main\AndroidManifest.xml
	xmlns:android
		ADDED from src\main\AndroidManifest.xml:2:11-69
	android:versionCode
		INJECTED from src\main\AndroidManifest.xml
		INJECTED from src\main\AndroidManifest.xml
uses-permission#android.permission.WRITE_EXTERNAL_STORAGE
ADDED from src\main\AndroidManifest.xml:6:9-84
	android:name
		ADDED from src\main\AndroidManifest.xml:6:26-82
uses-permission#android.permission.INTERNET
ADDED from src\main\AndroidManifest.xml:7:9-70
	android:name
		ADDED from src\main\AndroidManifest.xml:7:26-68
uses-permission#android.permission.ACCESS_NETWORK_STATE
ADDED from src\main\AndroidManifest.xml:8:9-82
	android:name
		ADDED from src\main\AndroidManifest.xml:8:26-80
uses-permission#android.permission.READ_PHONE_STATE
ADDED from src\main\AndroidManifest.xml:9:9-78
	android:name
		ADDED from src\main\AndroidManifest.xml:9:26-76
uses-permission#android.permission.ACCESS_WIFI_STATE
ADDED from src\main\AndroidManifest.xml:10:9-79
	android:name
		ADDED from src\main\AndroidManifest.xml:10:26-77
uses-permission#android.permission.RECORD_AUDIO
ADDED from src\main\AndroidManifest.xml:14:9-74
	android:name
		ADDED from src\main\AndroidManifest.xml:14:26-72
uses-permission#com.android.launcher.permission.READ_SETTINGS
ADDED from src\main\AndroidManifest.xml:17:9-89
	android:name
		ADDED from src\main\AndroidManifest.xml:17:26-86
uses-permission#android.permission.CHANGE_WIFI_STATE
ADDED from src\main\AndroidManifest.xml:18:9-80
	android:name
		ADDED from src\main\AndroidManifest.xml:18:26-77
uses-permission#android.permission.BROADCAST_STICKY
ADDED from src\main\AndroidManifest.xml:19:9-79
	android:name
		ADDED from src\main\AndroidManifest.xml:19:26-76
uses-permission#android.permission.WRITE_SETTINGS
ADDED from src\main\AndroidManifest.xml:20:9-77
	android:name
		ADDED from src\main\AndroidManifest.xml:20:26-74
uses-permission#android.permission.ACCESS_COARSE_LOCATION
ADDED from src\main\AndroidManifest.xml:23:9-85
	android:name
		ADDED from src\main\AndroidManifest.xml:23:26-82
uses-permission#android.permission.ACCESS_FINE_LOCATION
ADDED from src\main\AndroidManifest.xml:25:9-83
	android:name
		ADDED from src\main\AndroidManifest.xml:25:26-80
uses-permission#android.permission.MOUNT_UNMOUNT_FILESYSTEMS
ADDED from src\main\AndroidManifest.xml:27:9-88
	android:name
		ADDED from src\main\AndroidManifest.xml:27:26-85
application
ADDED from src\main\AndroidManifest.xml:30:5-100:19
MERGED from [com.android.support:appcompat-v7:23.3.0] AndroidManifest.xml:25:5-20
MERGED from [com.android.support:support-vector-drawable:23.3.0] AndroidManifest.xml:7:5-20
MERGED from [com.android.support:support-v4:23.3.0] AndroidManifest.xml:22:5-20
MERGED from [com.android.support:animated-vector-drawable:23.3.0] AndroidManifest.xml:7:5-20
MERGED from [com.android.support:support-vector-drawable:23.3.0] AndroidManifest.xml:7:5-20
MERGED from [com.android.support:support-v4:23.3.0] AndroidManifest.xml:22:5-20
MERGED from [com.android.support:support-v4:23.3.0] AndroidManifest.xml:22:5-20
MERGED from [com.android.support:support-v4:23.3.0] AndroidManifest.xml:22:5-20
	android:label
		ADDED from src\main\AndroidManifest.xml:33:9-41
	android:supportsRtl
		ADDED from src\main\AndroidManifest.xml:34:9-35
	android:icon
		ADDED from src\main\AndroidManifest.xml:32:9-43
	android:theme
		ADDED from src\main\AndroidManifest.xml:35:9-40
	android:name
		ADDED from src\main\AndroidManifest.xml:31:9-28
receiver#com.leon.weibook.service.LeanChatReceiver
ADDED from src\main\AndroidManifest.xml:37:9-44:20
	android:name
		ADDED from src\main\AndroidManifest.xml:37:19-59
intent-filter#android.intent.action.BOOT_COMPLETED+android.intent.action.USER_PRESENT+android.net.conn.CONNECTIVITY_CHANGE+com.avoscloud.chat.INVITATION_ACTION
ADDED from src\main\AndroidManifest.xml:38:13-43:29
action#android.intent.action.BOOT_COMPLETED
ADDED from src\main\AndroidManifest.xml:39:17-79
	android:name
		ADDED from src\main\AndroidManifest.xml:39:25-76
action#android.intent.action.USER_PRESENT
ADDED from src\main\AndroidManifest.xml:40:17-77
	android:name
		ADDED from src\main\AndroidManifest.xml:40:25-74
action#android.net.conn.CONNECTIVITY_CHANGE
ADDED from src\main\AndroidManifest.xml:41:17-79
	android:name
		ADDED from src\main\AndroidManifest.xml:41:25-76
action#com.avoscloud.chat.INVITATION_ACTION
ADDED from src\main\AndroidManifest.xml:42:17-79
	android:name
		ADDED from src\main\AndroidManifest.xml:42:25-76
receiver#com.leon.weibook.service.NotificationBroadcastReceiver
ADDED from src\main\AndroidManifest.xml:46:9-50:20
	android:name
		ADDED from src\main\AndroidManifest.xml:46:19-72
intent-filter#com.avoscloud.chat.intent.client_notification
ADDED from src\main\AndroidManifest.xml:47:13-49:29
action#com.avoscloud.chat.intent.client_notification
ADDED from src\main\AndroidManifest.xml:48:17-88
	android:name
		ADDED from src\main\AndroidManifest.xml:48:25-85
service#com.avos.avoscloud.PushService
ADDED from src\main\AndroidManifest.xml:53:9-65
	android:name
		ADDED from src\main\AndroidManifest.xml:53:18-63
receiver#com.avos.avoscloud.AVBroadcastReceiver
ADDED from src\main\AndroidManifest.xml:55:9-60:20
	android:name
		ADDED from src\main\AndroidManifest.xml:55:19-72
intent-filter#android.intent.action.BOOT_COMPLETED+android.intent.action.USER_PRESENT
ADDED from src\main\AndroidManifest.xml:56:13-59:29
activity#com.leon.weibook.activity.EntrySplashActivity
ADDED from src\main\AndroidManifest.xml:63:9-70:20
	android:theme
		ADDED from src\main\AndroidManifest.xml:65:13-58
	android:name
		ADDED from src\main\AndroidManifest.xml:64:13-57
intent-filter#android.intent.action.MAIN+android.intent.category.LAUNCHER
ADDED from src\main\AndroidManifest.xml:66:13-69:29
action#android.intent.action.MAIN
ADDED from src\main\AndroidManifest.xml:67:17-68
	android:name
		ADDED from src\main\AndroidManifest.xml:67:25-66
category#android.intent.category.LAUNCHER
ADDED from src\main\AndroidManifest.xml:68:17-76
	android:name
		ADDED from src\main\AndroidManifest.xml:68:27-74
activity#com.leon.weibook.activity.UserLoginActivity
ADDED from src\main\AndroidManifest.xml:72:9-74:60
	android:theme
		ADDED from src\main\AndroidManifest.xml:74:13-58
	android:name
		ADDED from src\main\AndroidManifest.xml:73:13-55
activity#com.leon.weibook.activity.UserRegisterActivity
ADDED from src\main\AndroidManifest.xml:76:9-78:60
	android:theme
		ADDED from src\main\AndroidManifest.xml:78:13-58
	android:name
		ADDED from src\main\AndroidManifest.xml:77:13-58
activity#com.leon.weibook.activity.MainActivity
ADDED from src\main\AndroidManifest.xml:80:9-82:60
	android:theme
		ADDED from src\main\AndroidManifest.xml:82:13-58
	android:name
		ADDED from src\main\AndroidManifest.xml:81:13-50
activity#com.leon.weibook.activity.ContactAddFriendActivity
ADDED from src\main\AndroidManifest.xml:84:9-86:60
	android:theme
		ADDED from src\main\AndroidManifest.xml:86:13-58
	android:name
		ADDED from src\main\AndroidManifest.xml:85:13-62
activity#com.leon.weibook.activity.ContactPersonInfoActivity
ADDED from src\main\AndroidManifest.xml:88:9-90:60
	android:theme
		ADDED from src\main\AndroidManifest.xml:90:13-58
	android:name
		ADDED from src\main\AndroidManifest.xml:89:13-63
activity#com.leon.weibook.activity.ContactNewFriendActivity
ADDED from src\main\AndroidManifest.xml:92:9-94:60
	android:theme
		ADDED from src\main\AndroidManifest.xml:94:13-58
	android:name
		ADDED from src\main\AndroidManifest.xml:93:13-62
activity#com.leon.weibook.activity.ChatRoomActivity
ADDED from src\main\AndroidManifest.xml:96:9-98:46
	android:launchMode
		ADDED from src\main\AndroidManifest.xml:98:13-44
	android:name
		ADDED from src\main\AndroidManifest.xml:97:13-54
uses-sdk
INJECTED from src\main\AndroidManifest.xml reason: use-sdk injection requested
MERGED from [com.android.support:appcompat-v7:23.3.0] AndroidManifest.xml:21:5-23:78
MERGED from [com.android.support:support-vector-drawable:23.3.0] AndroidManifest.xml:5:5-43
MERGED from [com.android.support:support-v4:23.3.0] AndroidManifest.xml:20:5-43
MERGED from [com.android.support:animated-vector-drawable:23.3.0] AndroidManifest.xml:5:5-44
MERGED from [com.android.support:support-vector-drawable:23.3.0] AndroidManifest.xml:5:5-43
MERGED from [com.android.support:support-v4:23.3.0] AndroidManifest.xml:20:5-43
MERGED from [com.android.support:support-v4:23.3.0] AndroidManifest.xml:20:5-43
MERGED from [com.jakewharton:butterknife:8.0.1] AndroidManifest.xml:5:5-43
MERGED from [com.android.support:recyclerview-v7:23.3.0] AndroidManifest.xml:20:5-43
MERGED from [com.android.support:support-v4:23.3.0] AndroidManifest.xml:20:5-43
	tools:overrideLibrary
		ADDED from [com.android.support:appcompat-v7:23.3.0] AndroidManifest.xml:23:9-75
	android:targetSdkVersion
		INJECTED from src\main\AndroidManifest.xml
		INJECTED from src\main\AndroidManifest.xml
	android:minSdkVersion
		INJECTED from src\main\AndroidManifest.xml
		INJECTED from src\main\AndroidManifest.xml